# JRE version: Java(TM) SE Runtime Environment (8.0_121-b13) (build 1.8.0_121-b13)
# Java VM: Java HotSpot(TM) Client VM (25.121-b13 mixed mode windows-x86 )
Heap:
 def new generation   total 24832K, used 17360K [0x03e00000, 0x058f0000, 0x19350000)
  eden space 22080K,  66% used [0x03e00000, 0x04c4f010, 0x05390000)
  from space 2752K,  98% used [0x05640000, 0x058e50a8, 0x058f0000)
  to   space 2752K,   0% used [0x05390000, 0x05390000, 0x05640000)
 tenured generation   total 55000K, used 41702K [0x19350000, 0x1c906000, 0x43e00000)
   the space 55000K,  75% used [0x19350000, 0x1bc09950, 0x1bc09a00, 0x1c906000)
 Metaspace       used 41590K, capacity 43051K, committed 43904K, reserved 44416K
GC Heap History (10 events):
Event: 8207.400 GC heap before
{Heap before GC invocations=149 (full 7):
 def new generation   total 24832K, used 22080K [0x03e00000, 0x058f0000, 0x19350000)
  eden space 22080K, 100% used [0x03e00000, 0x05390000, 0x05390000)
  from space 2752K,   0% used [0x05390000, 0x05390000, 0x05640000)
  to   space 2752K,   0% used [0x05640000, 0x05640000, 0x058f0000)
 tenured generation   total 55000K, used 32141K [0x19350000, 0x1c906000, 0x43e00000)
   the space 55000K,  58% used [0x19350000, 0x1b2b3680, 0x1b2b3800, 0x1c906000)
 Metaspace       used 40608K, capacity 42027K, committed 43008K, reserved 43392K
Event: 8207.524 GC heap after
Heap after GC invocations=150 (full 7):
 def new generation   total 24832K, used 1879K [0x03e00000, 0x058f0000, 0x19350000)
  eden space 22080K,   0% used [0x03e00000, 0x03e00000, 0x05390000)
  from space 2752K,  68% used [0x05640000, 0x05815df0, 0x058f0000)
  to   space 2752K,   0% used [0x05390000, 0x05390000, 0x05640000)
 tenured generation   total 55000K, used 32141K [0x19350000, 0x1c906000, 0x43e00000)
   the space 55000K,  58% used [0x19350000, 0x1b2b3680, 0x1b2b3800, 0x1c906000)
 Metaspace       used 40608K, capacity 42027K, committed 43008K, reserved 43392K
}
Event: 8230.966 GC heap before
{Heap before GC invocations=150 (full 7):
 def new generation   total 24832K, used 23959K [0x03e00000, 0x058f0000, 0x19350000)
  eden space 22080K, 100% used [0x03e00000, 0x05390000, 0x05390000)
  from space 2752K,  68% used [0x05640000, 0x05815df0, 0x058f0000)
  to   space 2752K,   0% used [0x05390000, 0x05390000, 0x05640000)
 tenured generation   total 55000K, used 32141K [0x19350000, 0x1c906000, 0x43e00000)
   the space 55000K,  58% used [0x19350000, 0x1b2b3680, 0x1b2b3800, 0x1c906000)
 Metaspace       used 40668K, capacity 42104K, committed 43008K, reserved 43392K
Event: 8231.551 GC heap after
Heap after GC invocations=151 (full 7):
 def new generation   total 24832K, used 2752K [0x03e00000, 0x058f0000, 0x19350000)
  eden space 22080K,   0% used [0x03e00000, 0x03e00000, 0x05390000)
  from space 2752K, 100% used [0x05390000, 0x05640000, 0x05640000)
  to   space 2752K,   0% used [0x05640000, 0x05640000, 0x058f0000)
 tenured generation   total 55000K, used 34234K [0x19350000, 0x1c906000, 0x43e00000)
   the space 55000K,  62% used [0x19350000, 0x1b4be918, 0x1b4bea00, 0x1c906000)
 Metaspace       used 40668K, capacity 42104K, committed 43008K, reserved 43392K
}
Event: 8506.203 GC heap before
{Heap before GC invocations=151 (full 7):
 def new generation   total 24832K, used 24832K [0x03e00000, 0x058f0000, 0x19350000)
  eden space 22080K, 100% used [0x03e00000, 0x05390000, 0x05390000)
  from space 2752K, 100% used [0x05390000, 0x05640000, 0x05640000)
  to   space 2752K,   0% used [0x05640000, 0x05640000, 0x058f0000)
 tenured generation   total 55000K, used 34234K [0x19350000, 0x1c906000, 0x43e00000)
   the space 55000K,  62% used [0x19350000, 0x1b4be918, 0x1b4bea00, 0x1c906000)
 Metaspace       used 41076K, capacity 42523K, committed 43392K, reserved 43392K
Event: 8534.590 GC heap after
Heap after GC invocations=152 (full 7):
 def new generation   total 24832K, used 1886K [0x03e00000, 0x058f0000, 0x19350000)
  eden space 22080K,   0% used [0x03e00000, 0x03e00000, 0x05390000)
  from space 2752K,  68% used [0x05640000, 0x05817b80, 0x058f0000)
  to   space 2752K,   0% used [0x05390000, 0x05390000, 0x05640000)
 tenured generation   total 55000K, used 36969K [0x19350000, 0x1c906000, 0x43e00000)
   the space 55000K,  67% used [0x19350000, 0x1b76a710, 0x1b76a800, 0x1c906000)
 Metaspace       used 41076K, capacity 42523K, committed 43392K, reserved 43392K
}
Event: 8570.668 GC heap before
{Heap before GC invocations=152 (full 7):
 def new generation   total 24832K, used 23966K [0x03e00000, 0x058f0000, 0x19350000)
  eden space 22080K, 100% used [0x03e00000, 0x05390000, 0x05390000)
  from space 2752K,  68% used [0x05640000, 0x05817b80, 0x058f0000)
  to   space 2752K,   0% used [0x05390000, 0x05390000, 0x05640000)
 tenured generation   total 55000K, used 36969K [0x19350000, 0x1c906000, 0x43e00000)
   the space 55000K,  67% used [0x19350000, 0x1b76a710, 0x1b76a800, 0x1c906000)
 Metaspace       used 41095K, capacity 42555K, committed 43392K, reserved 43392K
Event: 8572.118 GC heap after
Heap after GC invocations=153 (full 7):
 def new generation   total 24832K, used 2752K [0x03e00000, 0x058f0000, 0x19350000)
  eden space 22080K,   0% used [0x03e00000, 0x03e00000, 0x05390000)
  from space 2752K, 100% used [0x05390000, 0x05640000, 0x05640000)
  to   space 2752K,   0% used [0x05640000, 0x05640000, 0x058f0000)
 tenured generation   total 55000K, used 39004K [0x19350000, 0x1c906000, 0x43e00000)
   the space 55000K,  70% used [0x19350000, 0x1b9673e0, 0x1b967400, 0x1c906000)
 Metaspace       used 41095K, capacity 42555K, committed 43392K, reserved 43392K
}
Event: 8596.128 GC heap before
{Heap before GC invocations=153 (full 7):
 def new generation   total 24832K, used 24832K [0x03e00000, 0x058f0000, 0x19350000)
  eden space 22080K, 100% used [0x03e00000, 0x05390000, 0x05390000)
  from space 2752K, 100% used [0x05390000, 0x05640000, 0x05640000)
  to   space 2752K,   0% used [0x05640000, 0x05640000, 0x058f0000)
 tenured generation   total 55000K, used 39004K [0x19350000, 0x1c906000, 0x43e00000)
   the space 55000K,  70% used [0x19350000, 0x1b9673e0, 0x1b967400, 0x1c906000)
 Metaspace       used 41284K, capacity 42790K, committed 43648K, reserved 44416K
Event: 8598.985 GC heap after
Heap after GC invocations=154 (full 7):
 def new generation   total 24832K, used 2708K [0x03e00000, 0x058f0000, 0x19350000)
  eden space 22080K,   0% used [0x03e00000, 0x03e00000, 0x05390000)
  from space 2752K,  98% used [0x05640000, 0x058e50a8, 0x058f0000)
  to   space 2752K,   0% used [0x05390000, 0x05390000, 0x05640000)
 tenured generation   total 55000K, used 41702K [0x19350000, 0x1c906000, 0x43e00000)
   the space 55000K,  75% used [0x19350000, 0x1bc09950, 0x1bc09a00, 0x1c906000)
 Metaspace       used 41284K, capacity 42790K, committed 43648K, reserved 44416K
}

